<?xml version="1.0" encoding="UTF-8"?>
<!-- Generated by org.testng.reporters.JUnitXMLReporter -->
<testsuite hostname="CBT-088" name="Regression" tests="2" failures="1" timestamp="8 Mar 2017 11:03:44 GMT" time="60.15" errors="0">
  <testcase name="testAdminTOS" time="31.289" classname="com.auvenir.ui.tests.AdminTest"/>
  <testcase name="testAdminPrivacyPage" time="24.266" classname="com.auvenir.ui.tests.AdminTest">
    <failure type="java.util.NoSuchElementException">
      <![CDATA[java.util.NoSuchElementException
	at java.util.LinkedHashMap$LinkedHashIterator.nextNode(Unknown Source)
	at java.util.LinkedHashMap$LinkedKeyIterator.next(Unknown Source)
	at com.auvenir.utilities.AbstractLib.switchToWindow(BaseLib.java:261)
	at com.auvenir.ui.tests.AdminTest.testAdminPrivacyPage(AdminTest.java:405)
... Removed 24 stack frames]]>
    </failure>
  </testcase> <!-- testAdminPrivacyPage -->
</testsuite> <!-- Regression -->
