<?xml version="1.0" encoding="UTF-8"?>
<testng-results skipped="0" failed="1" total="2" passed="1">
  <reporter-output>
    <line>
      <![CDATA[STEP1]]>
    </line>
    <line>
      <![CDATA[STEP2]]>
    </line>
    <line>
      <![CDATA[STEP3]]>
    </line>
    <line>
      <![CDATA[STEP4]]>
    </line>
    <line>
      <![CDATA[STEP5]]>
    </line>
    <line>
      <![CDATA[STEP6]]>
    </line>
    <line>
      <![CDATA[STEP7]]>
    </line>
    <line>
      <![CDATA[STEP8]]>
    </line>
  </reporter-output>
  <suite name="Suite" duration-ms="60150" started-at="2017-03-08T11:02:44Z" finished-at="2017-03-08T11:03:44Z">
    <groups>
    </groups>
    <test name="Regression" duration-ms="60150" started-at="2017-03-08T11:02:44Z" finished-at="2017-03-08T11:03:44Z">
      <class name="com.auvenir.ui.tests.AdminTest">
        <test-method status="PASS" signature="setConfig(java.lang.String)[pri:0, instance:com.auvenir.ui.tests.AdminTest@4e1d422d]" name="setConfig" is-config="true" duration-ms="13" started-at="2017-03-08T16:32:44Z" finished-at="2017-03-08T16:32:44Z">
          <params>
            <param index="0">
              <value>
                <![CDATA[ariel]]>
              </value>
            </param>
          </params>
          <reporter-output>
          </reporter-output>
        </test-method> <!-- setConfig -->
        <test-method status="PASS" signature="setUp()[pri:0, instance:com.auvenir.ui.tests.AdminTest@4e1d422d]" name="setUp" is-config="true" duration-ms="3216" started-at="2017-03-08T16:32:44Z" finished-at="2017-03-08T16:32:47Z">
          <reporter-output>
          </reporter-output>
        </test-method> <!-- setUp -->
        <test-method status="PASS" signature="testAdminTOS()[pri:0, instance:com.auvenir.ui.tests.AdminTest@4e1d422d]" name="testAdminTOS" duration-ms="31289" started-at="2017-03-08T16:32:47Z" description="To Verify the display of Elements in Admin Settings Devices Disconnect screen" finished-at="2017-03-08T16:33:19Z">
          <reporter-output>
            <line>
              <![CDATA[STEP1]]>
            </line>
            <line>
              <![CDATA[STEP2]]>
            </line>
            <line>
              <![CDATA[STEP3]]>
            </line>
            <line>
              <![CDATA[STEP4]]>
            </line>
            <line>
              <![CDATA[STEP5]]>
            </line>
            <line>
              <![CDATA[STEP6]]>
            </line>
            <line>
              <![CDATA[STEP7]]>
            </line>
          </reporter-output>
        </test-method> <!-- testAdminTOS -->
        <test-method status="FAIL" signature="testAdminPrivacyPage()[pri:0, instance:com.auvenir.ui.tests.AdminTest@4e1d422d]" name="testAdminPrivacyPage" duration-ms="24266" started-at="2017-03-08T16:33:19Z" description="To Verify the display of Elements in Admin Settings Devices Disconnect screen" finished-at="2017-03-08T16:33:43Z">
          <exception class="java.util.NoSuchElementException">
            <full-stacktrace>
              <![CDATA[java.util.NoSuchElementException
	at java.util.LinkedHashMap$LinkedHashIterator.nextNode(Unknown Source)
	at java.util.LinkedHashMap$LinkedKeyIterator.next(Unknown Source)
	at com.auvenir.utilities.AbstractLib.switchToWindow(BaseLib.java:261)
	at com.auvenir.ui.tests.AdminTest.testAdminPrivacyPage(AdminTest.java:405)
	at sun.reflect.NativeMethodAccessorImpl.invoke0(Native Method)
	at sun.reflect.NativeMethodAccessorImpl.invoke(Unknown Source)
	at sun.reflect.DelegatingMethodAccessorImpl.invoke(Unknown Source)
	at java.lang.reflect.Method.invoke(Unknown Source)
	at org.testng.internal.MethodInvocationHelper.invokeMethod(MethodInvocationHelper.java:85)
	at org.testng.internal.Invoker.invokeMethod(Invoker.java:659)
	at org.testng.internal.Invoker.invokeTestMethod(Invoker.java:845)
	at org.testng.internal.Invoker.invokeTestMethods(Invoker.java:1153)
	at org.testng.internal.TestMethodWorker.invokeTestMethods(TestMethodWorker.java:125)
	at org.testng.internal.TestMethodWorker.run(TestMethodWorker.java:108)
	at org.testng.TestRunner.privateRun(TestRunner.java:771)
	at org.testng.TestRunner.run(TestRunner.java:621)
	at org.testng.SuiteRunner.runTest(SuiteRunner.java:357)
	at org.testng.SuiteRunner.runSequentially(SuiteRunner.java:352)
	at org.testng.SuiteRunner.privateRun(SuiteRunner.java:310)
	at org.testng.SuiteRunner.run(SuiteRunner.java:259)
	at org.testng.SuiteRunnerWorker.runSuite(SuiteRunnerWorker.java:52)
	at org.testng.SuiteRunnerWorker.run(SuiteRunnerWorker.java:86)
	at org.testng.TestNG.runSuitesSequentially(TestNG.java:1199)
	at org.testng.TestNG.runSuitesLocally(TestNG.java:1124)
	at org.testng.TestNG.run(TestNG.java:1032)
	at org.testng.remote.AbstractRemoteTestNG.run(AbstractRemoteTestNG.java:132)
	at org.testng.remote.RemoteTestNG.initAndRun(RemoteTestNG.java:236)
	at org.testng.remote.RemoteTestNG.main(RemoteTestNG.java:81)
]]>
            </full-stacktrace>
          </exception> <!-- java.util.NoSuchElementException -->
          <reporter-output>
            <line>
              <![CDATA[STEP8]]>
            </line>
          </reporter-output>
        </test-method> <!-- testAdminPrivacyPage -->
        <test-method status="PASS" signature="tearDown()[pri:0, instance:com.auvenir.ui.tests.AdminTest@4e1d422d]" name="tearDown" is-config="true" duration-ms="1355" started-at="2017-03-08T16:33:43Z" finished-at="2017-03-08T16:33:44Z">
          <reporter-output>
          </reporter-output>
        </test-method> <!-- tearDown -->
      </class> <com.auvenir.ui.testsests-->
    </test> <!-- Regression -->
  </suite> <!-- Suite -->
</testng-results>
